<?xml version="1.0" encoding="UTF-8"?>
<!-- Generated by org.testng.reporters.JUnitReportReporter -->
<testsuite hostname="collaberas-mbp" failures="0" tests="1" name="com.TestNumber1" time="10.560" errors="0" timestamp="2023-04-18T16:18:49 PST" skipped="0">
  <testcase classname="com.TestNumber1" name="test1" time="10.560"/>
  <system-out/>
</testsuite> <!-- com.TestNumber1 -->
