<?xml version="1.0" encoding="UTF-8"?>
<!-- Generated by org.testng.reporters.JUnitReportReporter -->
<testsuite hostname="collaberas-mbp" failures="0" tests="1" name="com.BasicTest" time="0.001" errors="0" timestamp="2023-04-19T12:03:30 PST" skipped="0">
  <testcase classname="com.BasicTest" name="testMethod" time="0.001"/>
  <system-out/>
</testsuite> <!-- com.BasicTest -->
