<?xml version="1.0" encoding="UTF-8"?>
<!-- Generated by org.testng.reporters.JUnitReportReporter -->
<testsuite hostname="collaberas-mbp" failures="0" tests="1" name="test_Scenarios.TestScenarios" time="11.188" errors="0" timestamp="2023-04-25T15:50:40 PST" skipped="0">
  <testcase classname="test_Scenarios.TestScenarios" name="searchInGoogle" time="11.188"/>
  <system-out/>
</testsuite> <!-- test_Scenarios.TestScenarios -->
