<?xml version="1.0" encoding="UTF-8"?>
<!-- Generated by org.testng.reporters.JUnitReportReporter -->
<testsuite hostname="collaberas-mbp" failures="0" tests="1" name="test.RestAssuredPostRequest" time="1.237" errors="0" timestamp="2023-04-27T11:28:27 PST" skipped="0">
  <testcase classname="test.RestAssuredPostRequest" name="userRegistrationSuccessful" time="1.237"/>
  <system-out/>
</testsuite> <!-- test.RestAssuredPostRequest -->
