<?xml version="1.0" encoding="UTF-8"?>
<!-- Generated by org.testng.reporters.JUnitReportReporter -->
<testsuite hostname="collaberas-mbp" failures="0" tests="5" name="test.RestAssuredHeadersValidation" time="2.727" errors="0" timestamp="2023-04-27T10:25:16 PST" skipped="0">
  <testcase classname="test.RestAssuredHeadersValidation" name="getValueForASpecificJsonPath" time="0.053"/>
  <system-out/>
  <testcase classname="test.RestAssuredHeadersValidation" name="IteratingHeaders" time="0.634"/>
  <system-out/>
  <testcase classname="test.RestAssuredHeadersValidation" name="queryParameter" time="0.658"/>
  <system-out/>
  <testcase classname="test.RestAssuredHeadersValidation" name="VerifyCityInJsonResponse" time="0.191"/>
  <system-out/>
  <testcase classname="test.RestAssuredHeadersValidation" name="GetBookHeaders" time="1.191"/>
  <system-out/>
</testsuite> <!-- test.RestAssuredHeadersValidation -->
