<?xml version="1.0" encoding="UTF-8"?>
<!-- Generated by org.testng.reporters.JUnitReportReporter -->
<testsuite hostname="collaberas-mbp" failures="0" tests="1" name="test.VerifyBrowsingHistoryPage" time="61.759" errors="0" timestamp="2023-04-19T22:17:15 PST" skipped="0">
  <testcase classname="test.VerifyBrowsingHistoryPage" name="verifyBrowsingHistoryTestMethod" time="61.759"/>
  <system-out>
    <![CDATA[PASS: Verify Browsing History page successfully.]]>
  </system-out>
</testsuite> <!-- test.VerifyBrowsingHistoryPage -->
