<?xml version="1.0" encoding="UTF-8"?>
<!-- Generated by org.testng.reporters.JUnitReportReporter -->
<testsuite hostname="collaberas-mbp" failures="0" tests="1" name="test.VerifyCustomerServicePage" time="45.389" errors="0" timestamp="2023-04-19T22:17:15 PST" skipped="0">
  <testcase classname="test.VerifyCustomerServicePage" name="verifyCustomerServiceTestMethod" time="45.389"/>
  <system-out>
    <![CDATA[PASS: Verify Customer Service page successfully.]]>
  </system-out>
</testsuite> <!-- test.VerifyCustomerServicePage -->
