<?xml version="1.0" encoding="UTF-8"?>
<!-- Generated by org.testng.reporters.JUnitReportReporter -->
<testsuite hostname="collaberas-mbp" failures="0" tests="1" name="test.LoginPage" time="34.053" errors="0" timestamp="2023-04-19T17:50:07 PST" skipped="0">
  <testcase classname="test.LoginPage" name="loginTestMethod" time="34.053"/>
  <system-out/>
</testsuite> <!-- test.LoginPage -->
