<?xml version="1.0" encoding="UTF-8"?>
<!-- Generated by org.testng.reporters.JUnitReportReporter -->
<testsuite hostname="collaberas-mbp" failures="0" tests="1" name="test.VerifyAddToCartPage" time="98.872" errors="0" timestamp="2023-04-19T20:24:12 PST" skipped="0">
  <testcase classname="test.VerifyAddToCartPage" name="verifyAddToCartTestMethod" time="98.872"/>
  <system-out/>
</testsuite> <!-- test.VerifyAddToCartPage -->
