<?xml version="1.0" encoding="UTF-8"?>
<!-- Generated by org.testng.reporters.JUnitReportReporter -->
<testsuite hostname="collaberas-mbp" failures="0" tests="1" name="test.VerifyOrdersPage" time="54.339" errors="0" timestamp="2023-04-19T22:17:15 PST" skipped="0">
  <testcase classname="test.VerifyOrdersPage" name="verifyOrdersMethod" time="54.339"/>
  <system-out>
    <![CDATA[PASS: Verify Orders page successfully.]]>
  </system-out>
</testsuite> <!-- test.VerifyOrdersPage -->
