<?xml version="1.0" encoding="UTF-8"?>
<!-- Generated by org.testng.reporters.JUnitReportReporter -->
<testsuite hostname="collaberas-mbp" failures="0" tests="1" name="test.VerifyAddProductPage" time="102.556" errors="0" timestamp="2023-04-19T22:17:15 PST" skipped="0">
  <testcase classname="test.VerifyAddProductPage" name="verifyAddProductTestMethod" time="102.556"/>
  <system-out>
    <![CDATA[PASS: Add Product to Cart successfully.]]>
  </system-out>
</testsuite> <!-- test.VerifyAddProductPage -->
