<?xml version="1.0" encoding="UTF-8"?>
<!-- Generated by org.testng.reporters.JUnitReportReporter -->
<testsuite hostname="collaberas-mbp" failures="0" tests="1" name="test.VerifyLoginPage" time="32.954" errors="0" timestamp="2023-04-19T22:17:15 PST" skipped="0">
  <testcase classname="test.VerifyLoginPage" name="verifyLoginTestMethod" time="32.954"/>
  <system-out>
    <![CDATA[PASS: Login successfully.]]>
  </system-out>
</testsuite> <!-- test.VerifyLoginPage -->
